<?xml version="1.0" encoding="UTF-8"?>
<!-- Generated by org.testng.reporters.JUnitXMLReporter -->
<testsuite ignored="0" hostname="LAPTOP-BG25L18V" failures="0" tests="5" name="RestAssuredProject" time="6.225" errors="0" timestamp="2022-01-02T12:14:50 YEKT">
  <testcase classname="ApiBlackJackTest" name="checkMainPage" time="2.971"/>
  <testcase classname="ApiBlackJackTest" name="createNewGameTest" time="0.74"/>
  <testcase classname="ApiBlackJackTest" name="getGameInfoTest" time="1.051"/>
  <testcase classname="ApiBlackJackTest" name="giveCardTest" time="1.228"/>
  <testcase classname="ApiBlackJackTest" name="keyCheck" time="0.178"/>
</testsuite> <!-- RestAssuredProject -->
