<?xml version="1.0" encoding="UTF-8"?>
<!-- Generated by org.testng.reporters.JUnitXMLReporter -->
<testsuite ignored="0" hostname="LAPTOP-BG25L18V" failures="0" tests="5" name="RestAssuredProject" time="5.808" errors="0" timestamp="2022-01-02T02:36:15 YEKT">
  <testcase classname="APIBlackJackTest" name="checkMainPage" time="2.229"/>
  <testcase classname="APIBlackJackTest" name="createNewGameTest" time="1.049"/>
  <testcase classname="APIBlackJackTest" name="getGameInfoTest" time="0.691"/>
  <testcase classname="APIBlackJackTest" name="giveCardTest" time="0.924"/>
  <testcase classname="APIBlackJackTest" name="keyCheck" time="0.86"/>
</testsuite> <!-- RestAssuredProject -->
