<?xml version="1.0" encoding="UTF-8"?>
<testng-results ignored="0" total="5" passed="5" failed="0" skipped="0">
  <reporter-output>
  </reporter-output>
  <suite started-at="2022-01-02T12:14:44 YEKT" name="Default Suite" finished-at="2022-01-02T12:14:50 YEKT" duration-ms="6225">
    <groups>
    </groups>
    <test started-at="2022-01-02T12:14:44 YEKT" name="RestAssuredProject" finished-at="2022-01-02T12:14:50 YEKT" duration-ms="6225">
      <class name="ApiBlackJackTest">
        <test-method signature="checkMainPage()[pri:0, instance:ApiBlackJackTest@1372ed45]" started-at="2022-01-02T12:14:44 YEKT" name="checkMainPage" finished-at="2022-01-02T12:14:47 YEKT" duration-ms="2971" status="PASS">
          <reporter-output>
          </reporter-output>
        </test-method> <!-- checkMainPage -->
        <test-method signature="createNewGameTest()[pri:0, instance:ApiBlackJackTest@1372ed45]" started-at="2022-01-02T12:14:47 YEKT" name="createNewGameTest" finished-at="2022-01-02T12:14:48 YEKT" duration-ms="740" status="PASS">
          <reporter-output>
          </reporter-output>
        </test-method> <!-- createNewGameTest -->
        <test-method signature="getGameInfoTest()[pri:0, instance:ApiBlackJackTest@1372ed45]" started-at="2022-01-02T12:14:48 YEKT" name="getGameInfoTest" finished-at="2022-01-02T12:14:49 YEKT" duration-ms="1051" status="PASS">
          <reporter-output>
          </reporter-output>
        </test-method> <!-- getGameInfoTest -->
        <test-method signature="giveCardTest()[pri:0, instance:ApiBlackJackTest@1372ed45]" started-at="2022-01-02T12:14:49 YEKT" name="giveCardTest" finished-at="2022-01-02T12:14:50 YEKT" duration-ms="1228" status="PASS">
          <reporter-output>
          </reporter-output>
        </test-method> <!-- giveCardTest -->
        <test-method signature="keyCheck()[pri:0, instance:ApiBlackJackTest@1372ed45]" started-at="2022-01-02T12:14:50 YEKT" name="keyCheck" finished-at="2022-01-02T12:14:50 YEKT" duration-ms="178" status="PASS">
          <reporter-output>
          </reporter-output>
        </test-method> <!-- keyCheck -->
      </class> <!-- ApiBlackJackTest -->
    </test> <!-- RestAssuredProject -->
  </suite> <!-- Default Suite -->
</testng-results>
