<?xml version="1.0" encoding="UTF-8"?>
<testng-results ignored="0" total="5" passed="5" failed="0" skipped="0">
  <reporter-output>
  </reporter-output>
  <suite started-at="2022-01-02T02:36:09 YEKT" name="Default Suite" finished-at="2022-01-02T02:36:15 YEKT" duration-ms="5808">
    <groups>
    </groups>
    <test started-at="2022-01-02T02:36:09 YEKT" name="RestAssuredProject" finished-at="2022-01-02T02:36:15 YEKT" duration-ms="5808">
      <class name="APIBlackJackTest">
        <test-method signature="checkMainPage()[pri:0, instance:APIBlackJackTest@31206beb]" started-at="2022-01-02T02:36:09 YEKT" name="checkMainPage" finished-at="2022-01-02T02:36:11 YEKT" duration-ms="2229" status="PASS">
          <reporter-output>
          </reporter-output>
        </test-method> <!-- checkMainPage -->
        <test-method signature="createNewGameTest()[pri:0, instance:APIBlackJackTest@31206beb]" started-at="2022-01-02T02:36:11 YEKT" name="createNewGameTest" finished-at="2022-01-02T02:36:12 YEKT" duration-ms="1049" status="PASS">
          <reporter-output>
          </reporter-output>
        </test-method> <!-- createNewGameTest -->
        <test-method signature="getGameInfoTest()[pri:0, instance:APIBlackJackTest@31206beb]" started-at="2022-01-02T02:36:12 YEKT" name="getGameInfoTest" finished-at="2022-01-02T02:36:13 YEKT" duration-ms="691" status="PASS">
          <reporter-output>
          </reporter-output>
        </test-method> <!-- getGameInfoTest -->
        <test-method signature="giveCardTest()[pri:0, instance:APIBlackJackTest@31206beb]" started-at="2022-01-02T02:36:13 YEKT" name="giveCardTest" finished-at="2022-01-02T02:36:14 YEKT" duration-ms="924" status="PASS">
          <reporter-output>
          </reporter-output>
        </test-method> <!-- giveCardTest -->
        <test-method signature="keyCheck()[pri:0, instance:APIBlackJackTest@31206beb]" started-at="2022-01-02T02:36:14 YEKT" name="keyCheck" finished-at="2022-01-02T02:36:15 YEKT" duration-ms="860" status="PASS">
          <reporter-output>
          </reporter-output>
        </test-method> <!-- keyCheck -->
      </class> <!-- APIBlackJackTest -->
    </test> <!-- RestAssuredProject -->
  </suite> <!-- Default Suite -->
</testng-results>
